<?xml version="1.0" encoding="UTF-8"?>
<!-- Generated by org.testng.reporters.JUnitReportReporter -->
<testsuite hostname="DESKTOP-QLCOG3E" name="com.infi.fb.basics.FB" tests="1" failures="0" timestamp="23 Apr 2020 05:18:08 GMT" time="0.023" errors="0">
  <testcase name="Verifyurl" time="0.023" classname="com.infi.fb.basics.FB"/>
</testsuite> <!-- com.infi.fb.basics.FB -->
