<?xml version="1.0" encoding="UTF-8"?>
<!-- Generated by org.testng.reporters.JUnitReportReporter -->
<testsuite hostname="DESKTOP-QLCOG3E" name="com.infi.fb.basics.Google" tests="1" failures="0" timestamp="23 Apr 2020 05:18:08 GMT" time="0.016" errors="0">
  <testcase name="Verifytitle" time="0.016" classname="com.infi.fb.basics.Google"/>
</testsuite> <!-- com.infi.fb.basics.Google -->
