<?xml version="1.0" encoding="UTF-8"?>
<!-- Generated by org.testng.reporters.JUnitReportReporter -->
<testsuite skipped="0" hostname="DESKTOP-QLCOG3E" name="com.infi.fb.basics.Google" tests="1" failures="0" timestamp="2020-04-27T11:52:40 IST" time="1.244" errors="0">
  <testcase name="Verifytitle" time="1.244" classname="com.infi.fb.basics.Google"/>
  <system-out/>
</testsuite> <!-- com.infi.fb.basics.Google -->
