<?xml version="1.0" encoding="UTF-8"?>
<!-- Generated by org.testng.reporters.JUnitReportReporter -->
<testsuite skipped="0" hostname="DESKTOP-QLCOG3E" name="com.infi.fb.basics.FB" tests="1" failures="0" timestamp="2020-04-27T11:52:40 IST" time="0.100" errors="0">
  <testcase name="Verifyurl" time="0.100" classname="com.infi.fb.basics.FB"/>
  <system-out/>
</testsuite> <!-- com.infi.fb.basics.FB -->
